2026-01-31 15:36:56,075 | triagem_metricas | INFO | {"nome": "tamanho_fila", "valor": 1, "timestamp": "2026-01-31 15:36:56.075535", "categoria": "capacidade", "detalhes": {"operacao": "adicionar_paciente"}}
2026-01-31 15:36:56,075 | triagem_metricas | INFO | {"nome": "tempo_adicionar_paciente", "valor": 9.703636169433594e-05, "timestamp": "2026-01-31 15:36:56.075631", "categoria": "triagem", "detalhes": {"funcao": "adicionar_paciente", "sucesso": true}}
2026-01-31 15:36:56,176 | triagem_metricas | INFO | {"nome": "tamanho_fila", "valor": 2, "timestamp": "2026-01-31 15:36:56.175970", "categoria": "capacidade", "detalhes": {"operacao": "adicionar_paciente"}}
2026-01-31 15:36:56,176 | triagem_metricas | INFO | {"nome": "tempo_adicionar_paciente", "valor": 0.0006444454193115234, "timestamp": "2026-01-31 15:36:56.176596", "categoria": "triagem", "detalhes": {"funcao": "adicionar_paciente", "sucesso": true}}
2026-01-31 15:36:56,377 | triagem_metricas | INFO | {"nome": "tamanho_fila", "valor": 3, "timestamp": "2026-01-31 15:36:56.377765", "categoria": "capacidade", "detalhes": {"operacao": "adicionar_paciente"}}
2026-01-31 15:36:56,378 | triagem_metricas | INFO | {"nome": "tempo_adicionar_paciente", "valor": 0.00047779083251953125, "timestamp": "2026-01-31 15:36:56.378236", "categoria": "triagem", "detalhes": {"funcao": "adicionar_paciente", "sucesso": true}}
2026-01-31 15:36:56,379 | triagem_metricas | INFO | {"nome": "tempo_ordenar_por_prioridade", "valor": 4.172325134277344e-05, "timestamp": "2026-01-31 15:36:56.378886", "categoria": "ordenacao", "detalhes": {"funcao": "ordenar_por_prioridade", "sucesso": true}}
2026-01-31 15:36:56,379 | triagem_metricas | INFO | {"nome": "tempo_ordenacao", "valor": 0.000400543212890625, "timestamp": "2026-01-31 15:36:56.379243", "categoria": "performance", "detalhes": {"tamanho_fila": 3}}
2026-01-31 15:36:56,379 | triagem_metricas | INFO | {"nome": "tempo_obter_fila_ordenada", "valor": 0.0005991458892822266, "timestamp": "2026-01-31 15:36:56.379436", "categoria": "triagem", "detalhes": {"funcao": "obter_fila_ordenada", "sucesso": true}}
2026-01-31 15:36:56,379 | triagem_metricas | INFO | {"nome": "tempo_ordenar_por_prioridade", "valor": 5.7220458984375e-06, "timestamp": "2026-01-31 15:36:56.379770", "categoria": "ordenacao", "detalhes": {"funcao": "ordenar_por_prioridade", "sucesso": true}}
2026-01-31 15:36:56,380 | triagem_metricas | INFO | {"nome": "tempo_ordenacao", "valor": 0.00028061866760253906, "timestamp": "2026-01-31 15:36:56.380044", "categoria": "performance", "detalhes": {"tamanho_fila": 3}}
2026-01-31 15:36:56,380 | triagem_metricas | INFO | {"nome": "tempo_obter_fila_ordenada", "valor": 0.000461578369140625, "timestamp": "2026-01-31 15:36:56.380223", "categoria": "triagem", "detalhes": {"funcao": "obter_fila_ordenada", "sucesso": true}}
2026-01-31 15:36:56,380 | triagem_metricas | INFO | {"nome": "tempo_espera", "valor": 0.305213, "timestamp": "2026-01-31 15:36:56.380735", "categoria": "atendimento", "detalhes": {"paciente": "Jo\u00e3o Santos", "urgencia": 5}}
2026-01-31 15:36:56,381 | triagem_metricas | INFO | {"nome": "tempo_atender_proximo", "valor": 0.001178741455078125, "timestamp": "2026-01-31 15:36:56.380937", "categoria": "triagem", "detalhes": {"funcao": "atender_proximo", "sucesso": true}}
2026-01-31 15:36:56,381 | triagem_metricas | INFO | {"nome": "tempo_ordenar_por_prioridade", "valor": 6.198883056640625e-06, "timestamp": "2026-01-31 15:36:56.381112", "categoria": "ordenacao", "detalhes": {"funcao": "ordenar_por_prioridade", "sucesso": true}}
2026-01-31 15:36:56,381 | triagem_metricas | INFO | {"nome": "tempo_ordenacao", "valor": 0.00018405914306640625, "timestamp": "2026-01-31 15:36:56.381291", "categoria": "performance", "detalhes": {"tamanho_fila": 2}}
2026-01-31 15:36:56,381 | triagem_metricas | INFO | {"nome": "tempo_obter_fila_ordenada", "valor": 0.000293731689453125, "timestamp": "2026-01-31 15:36:56.381397", "categoria": "triagem", "detalhes": {"funcao": "obter_fila_ordenada", "sucesso": true}}
2026-01-31 15:38:56,993 | triagem_metricas | INFO | {"nome": "tamanho_fila", "valor": 1, "timestamp": "2026-01-31 15:38:56.993532", "categoria": "capacidade", "detalhes": {"operacao": "adicionar_paciente"}}
2026-01-31 15:38:56,993 | triagem_metricas | INFO | {"nome": "tempo_adicionar_paciente", "valor": 0.00010251998901367188, "timestamp": "2026-01-31 15:38:56.993633", "categoria": "triagem", "detalhes": {"funcao": "adicionar_paciente", "sucesso": true}}
2026-01-31 15:38:57,094 | triagem_metricas | INFO | {"nome": "tamanho_fila", "valor": 2, "timestamp": "2026-01-31 15:38:57.094039", "categoria": "capacidade", "detalhes": {"operacao": "adicionar_paciente"}}
2026-01-31 15:38:57,094 | triagem_metricas | INFO | {"nome": "tempo_adicionar_paciente", "valor": 0.0006897449493408203, "timestamp": "2026-01-31 15:38:57.094704", "categoria": "triagem", "detalhes": {"funcao": "adicionar_paciente", "sucesso": true}}
2026-01-31 15:38:57,296 | triagem_metricas | INFO | {"nome": "tamanho_fila", "valor": 3, "timestamp": "2026-01-31 15:38:57.295989", "categoria": "capacidade", "detalhes": {"operacao": "adicionar_paciente"}}
2026-01-31 15:38:57,296 | triagem_metricas | INFO | {"nome": "tempo_adicionar_paciente", "valor": 0.00046753883361816406, "timestamp": "2026-01-31 15:38:57.296449", "categoria": "triagem", "detalhes": {"funcao": "adicionar_paciente", "sucesso": true}}
2026-01-31 15:38:57,297 | triagem_metricas | INFO | {"nome": "tempo_ordenar_por_prioridade", "valor": 5.173683166503906e-05, "timestamp": "2026-01-31 15:38:57.297061", "categoria": "ordenacao", "detalhes": {"funcao": "ordenar_por_prioridade", "sucesso": true}}
2026-01-31 15:38:57,297 | triagem_metricas | INFO | {"nome": "tempo_ordenacao", "valor": 0.00038743019104003906, "timestamp": "2026-01-31 15:38:57.297395", "categoria": "performance", "detalhes": {"tamanho_fila": 3}}
2026-01-31 15:38:57,297 | triagem_metricas | INFO | {"nome": "tempo_obter_fila_ordenada", "valor": 0.0005660057067871094, "timestamp": "2026-01-31 15:38:57.297568", "categoria": "triagem", "detalhes": {"funcao": "obter_fila_ordenada", "sucesso": true}}
2026-01-31 15:38:57,298 | triagem_metricas | INFO | {"nome": "tempo_ordenar_por_prioridade", "valor": 5.9604644775390625e-06, "timestamp": "2026-01-31 15:38:57.297897", "categoria": "ordenacao", "detalhes": {"funcao": "ordenar_por_prioridade", "sucesso": true}}
2026-01-31 15:38:57,298 | triagem_metricas | INFO | {"nome": "tempo_ordenacao", "valor": 0.00024580955505371094, "timestamp": "2026-01-31 15:38:57.298143", "categoria": "performance", "detalhes": {"tamanho_fila": 3}}
2026-01-31 15:38:57,298 | triagem_metricas | INFO | {"nome": "tempo_obter_fila_ordenada", "valor": 0.00039124488830566406, "timestamp": "2026-01-31 15:38:57.298280", "categoria": "triagem", "detalhes": {"funcao": "obter_fila_ordenada", "sucesso": true}}
2026-01-31 15:38:57,298 | triagem_metricas | INFO | {"nome": "tempo_espera", "valor": 0.304985, "timestamp": "2026-01-31 15:38:57.298504", "categoria": "atendimento", "detalhes": {"paciente": "Jo\u00e3o Santos", "urgencia": 5}}
2026-01-31 15:38:57,298 | triagem_metricas | INFO | {"nome": "tempo_atender_proximo", "valor": 0.0008111000061035156, "timestamp": "2026-01-31 15:38:57.298696", "categoria": "triagem", "detalhes": {"funcao": "atender_proximo", "sucesso": true}}
2026-01-31 15:38:57,298 | triagem_metricas | INFO | {"nome": "tempo_ordenar_por_prioridade", "valor": 4.5299530029296875e-06, "timestamp": "2026-01-31 15:38:57.298903", "categoria": "ordenacao", "detalhes": {"funcao": "ordenar_por_prioridade", "sucesso": true}}
2026-01-31 15:38:57,299 | triagem_metricas | INFO | {"nome": "tempo_ordenacao", "valor": 0.00021147727966308594, "timestamp": "2026-01-31 15:38:57.299110", "categoria": "performance", "detalhes": {"tamanho_fila": 2}}
2026-01-31 15:38:57,299 | triagem_metricas | INFO | {"nome": "tempo_obter_fila_ordenada", "valor": 0.00037598609924316406, "timestamp": "2026-01-31 15:38:57.299273", "categoria": "triagem", "detalhes": {"funcao": "obter_fila_ordenada", "sucesso": true}}
2026-01-31 15:46:34,766 | triagem_metricas | INFO | {"nome": "tamanho_fila", "valor": 1, "timestamp": "2026-01-31 15:46:34.766323", "categoria": "capacidade", "detalhes": {"operacao": "adicionar_paciente"}}
2026-01-31 15:46:34,766 | triagem_metricas | INFO | {"nome": "tempo_adicionar_paciente", "valor": 0.00010824203491210938, "timestamp": "2026-01-31 15:46:34.766431", "categoria": "triagem", "detalhes": {"funcao": "adicionar_paciente", "sucesso": true}}
2026-01-31 15:46:34,867 | triagem_metricas | INFO | {"nome": "tamanho_fila", "valor": 2, "timestamp": "2026-01-31 15:46:34.866717", "categoria": "capacidade", "detalhes": {"operacao": "adicionar_paciente"}}
2026-01-31 15:46:34,867 | triagem_metricas | INFO | {"nome": "tempo_adicionar_paciente", "valor": 0.0007581710815429688, "timestamp": "2026-01-31 15:46:34.867447", "categoria": "triagem", "detalhes": {"funcao": "adicionar_paciente", "sucesso": true}}
2026-01-31 15:46:35,068 | triagem_metricas | INFO | {"nome": "tamanho_fila", "valor": 3, "timestamp": "2026-01-31 15:46:35.068615", "categoria": "capacidade", "detalhes": {"operacao": "adicionar_paciente"}}
2026-01-31 15:46:35,069 | triagem_metricas | INFO | {"nome": "tempo_adicionar_paciente", "valor": 0.00035381317138671875, "timestamp": "2026-01-31 15:46:35.068962", "categoria": "triagem", "detalhes": {"funcao": "adicionar_paciente", "sucesso": true}}
2026-01-31 15:46:35,069 | triagem_metricas | INFO | {"nome": "tempo_ordenar_por_prioridade", "valor": 3.147125244140625e-05, "timestamp": "2026-01-31 15:46:35.069487", "categoria": "ordenacao", "detalhes": {"funcao": "ordenar_por_prioridade", "sucesso": true}}
2026-01-31 15:46:35,069 | triagem_metricas | INFO | {"nome": "tempo_ordenacao", "valor": 0.0002834796905517578, "timestamp": "2026-01-31 15:46:35.069739", "categoria": "performance", "detalhes": {"tamanho_fila": 3}}
2026-01-31 15:46:35,069 | triagem_metricas | INFO | {"nome": "tempo_obter_fila_ordenada", "valor": 0.0004277229309082031, "timestamp": "2026-01-31 15:46:35.069879", "categoria": "triagem", "detalhes": {"funcao": "obter_fila_ordenada", "sucesso": true}}
2026-01-31 15:46:35,070 | triagem_metricas | INFO | {"nome": "tempo_ordenar_por_prioridade", "valor": 5.0067901611328125e-06, "timestamp": "2026-01-31 15:46:35.070198", "categoria": "ordenacao", "detalhes": {"funcao": "ordenar_por_prioridade", "sucesso": true}}
2026-01-31 15:46:35,070 | triagem_metricas | INFO | {"nome": "tempo_ordenacao", "valor": 0.00020837783813476562, "timestamp": "2026-01-31 15:46:35.070400", "categoria": "performance", "detalhes": {"tamanho_fila": 3}}
2026-01-31 15:46:35,070 | triagem_metricas | INFO | {"nome": "tempo_obter_fila_ordenada", "valor": 0.0003199577331542969, "timestamp": "2026-01-31 15:46:35.070510", "categoria": "triagem", "detalhes": {"funcao": "obter_fila_ordenada", "sucesso": true}}
2026-01-31 15:46:35,070 | triagem_metricas | INFO | {"nome": "tempo_espera", "valor": 0.304391, "timestamp": "2026-01-31 15:46:35.070703", "categoria": "atendimento", "detalhes": {"paciente": "Jo\u00e3o Santos", "urgencia": 5}}
2026-01-31 15:46:35,070 | triagem_metricas | INFO | {"nome": "tempo_atender_proximo", "valor": 0.0006959438323974609, "timestamp": "2026-01-31 15:46:35.070883", "categoria": "triagem", "detalhes": {"funcao": "atender_proximo", "sucesso": true}}
2026-01-31 15:46:35,071 | triagem_metricas | INFO | {"nome": "tempo_ordenar_por_prioridade", "valor": 5.7220458984375e-06, "timestamp": "2026-01-31 15:46:35.071074", "categoria": "ordenacao", "detalhes": {"funcao": "ordenar_por_prioridade", "sucesso": true}}
2026-01-31 15:46:35,071 | triagem_metricas | INFO | {"nome": "tempo_ordenacao", "valor": 0.00019812583923339844, "timestamp": "2026-01-31 15:46:35.071268", "categoria": "performance", "detalhes": {"tamanho_fila": 2}}
2026-01-31 15:46:35,071 | triagem_metricas | INFO | {"nome": "tempo_obter_fila_ordenada", "valor": 0.000301361083984375, "timestamp": "2026-01-31 15:46:35.071369", "categoria": "triagem", "detalhes": {"funcao": "obter_fila_ordenada", "sucesso": true}}
2026-01-31 15:47:43,726 | triagem_metricas | INFO | {"nome": "tamanho_fila", "valor": 1, "timestamp": "2026-01-31 15:47:43.726043", "categoria": "capacidade", "detalhes": {"operacao": "adicionar_paciente"}}
2026-01-31 15:47:43,726 | triagem_metricas | INFO | {"nome": "tempo_adicionar_paciente", "valor": 0.00011372566223144531, "timestamp": "2026-01-31 15:47:43.726156", "categoria": "triagem", "detalhes": {"funcao": "adicionar_paciente", "sucesso": true}}
2026-01-31 15:47:43,826 | triagem_metricas | INFO | {"nome": "tamanho_fila", "valor": 2, "timestamp": "2026-01-31 15:47:43.826470", "categoria": "capacidade", "detalhes": {"operacao": "adicionar_paciente"}}
2026-01-31 15:47:43,827 | triagem_metricas | INFO | {"nome": "tempo_adicionar_paciente", "valor": 0.0007860660552978516, "timestamp": "2026-01-31 15:47:43.827229", "categoria": "triagem", "detalhes": {"funcao": "adicionar_paciente", "sucesso": true}}
2026-01-31 15:47:44,028 | triagem_metricas | INFO | {"nome": "tamanho_fila", "valor": 3, "timestamp": "2026-01-31 15:47:44.028538", "categoria": "capacidade", "detalhes": {"operacao": "adicionar_paciente"}}
2026-01-31 15:47:44,029 | triagem_metricas | INFO | {"nome": "tempo_adicionar_paciente", "valor": 0.00035643577575683594, "timestamp": "2026-01-31 15:47:44.028889", "categoria": "triagem", "detalhes": {"funcao": "adicionar_paciente", "sucesso": true}}
2026-01-31 15:47:44,029 | triagem_metricas | INFO | {"nome": "tempo_ordenar_por_prioridade", "valor": 3.1948089599609375e-05, "timestamp": "2026-01-31 15:47:44.029450", "categoria": "ordenacao", "detalhes": {"funcao": "ordenar_por_prioridade", "sucesso": true}}
2026-01-31 15:47:44,029 | triagem_metricas | INFO | {"nome": "tempo_ordenacao", "valor": 0.00030040740966796875, "timestamp": "2026-01-31 15:47:44.029718", "categoria": "performance", "detalhes": {"tamanho_fila": 3}}
2026-01-31 15:47:44,029 | triagem_metricas | INFO | {"nome": "tempo_obter_fila_ordenada", "valor": 0.0004601478576660156, "timestamp": "2026-01-31 15:47:44.029874", "categoria": "triagem", "detalhes": {"funcao": "obter_fila_ordenada", "sucesso": true}}
2026-01-31 15:47:44,030 | triagem_metricas | INFO | {"nome": "tempo_ordenar_por_prioridade", "valor": 6.198883056640625e-06, "timestamp": "2026-01-31 15:47:44.030207", "categoria": "ordenacao", "detalhes": {"funcao": "ordenar_por_prioridade", "sucesso": true}}
2026-01-31 15:47:44,030 | triagem_metricas | INFO | {"nome": "tempo_ordenacao", "valor": 0.00024580955505371094, "timestamp": "2026-01-31 15:47:44.030447", "categoria": "performance", "detalhes": {"tamanho_fila": 3}}
2026-01-31 15:47:44,030 | triagem_metricas | INFO | {"nome": "tempo_obter_fila_ordenada", "valor": 0.00038361549377441406, "timestamp": "2026-01-31 15:47:44.030582", "categoria": "triagem", "detalhes": {"funcao": "obter_fila_ordenada", "sucesso": true}}
2026-01-31 15:47:44,030 | triagem_metricas | INFO | {"nome": "tempo_espera", "valor": 0.304773, "timestamp": "2026-01-31 15:47:44.030806", "categoria": "atendimento", "detalhes": {"paciente": "Jo\u00e3o Santos", "urgencia": 5}}
2026-01-31 15:47:44,031 | triagem_metricas | INFO | {"nome": "tempo_atender_proximo", "valor": 0.0008230209350585938, "timestamp": "2026-01-31 15:47:44.031020", "categoria": "triagem", "detalhes": {"funcao": "atender_proximo", "sucesso": true}}
2026-01-31 15:47:44,031 | triagem_metricas | INFO | {"nome": "tempo_ordenar_por_prioridade", "valor": 6.67572021484375e-06, "timestamp": "2026-01-31 15:47:44.031470", "categoria": "ordenacao", "detalhes": {"funcao": "ordenar_por_prioridade", "sucesso": true}}
2026-01-31 15:47:44,031 | triagem_metricas | INFO | {"nome": "tempo_ordenacao", "valor": 0.00025343894958496094, "timestamp": "2026-01-31 15:47:44.031716", "categoria": "performance", "detalhes": {"tamanho_fila": 2}}
2026-01-31 15:47:44,031 | triagem_metricas | INFO | {"nome": "tempo_obter_fila_ordenada", "valor": 0.00037670135498046875, "timestamp": "2026-01-31 15:47:44.031836", "categoria": "triagem", "detalhes": {"funcao": "obter_fila_ordenada", "sucesso": true}}
2026-01-31 15:48:06,221 | triagem_metricas | INFO | {"nome": "tamanho_fila", "valor": 1, "timestamp": "2026-01-31 15:48:06.221922", "categoria": "capacidade", "detalhes": {"operacao": "adicionar_paciente"}}
2026-01-31 15:48:06,222 | triagem_metricas | INFO | {"nome": "tempo_adicionar_paciente", "valor": 9.441375732421875e-05, "timestamp": "2026-01-31 15:48:06.222015", "categoria": "triagem", "detalhes": {"funcao": "adicionar_paciente", "sucesso": true}}
2026-01-31 15:48:06,322 | triagem_metricas | INFO | {"nome": "tamanho_fila", "valor": 2, "timestamp": "2026-01-31 15:48:06.322393", "categoria": "capacidade", "detalhes": {"operacao": "adicionar_paciente"}}
2026-01-31 15:48:06,323 | triagem_metricas | INFO | {"nome": "tempo_adicionar_paciente", "valor": 0.0007710456848144531, "timestamp": "2026-01-31 15:48:06.323166", "categoria": "triagem", "detalhes": {"funcao": "adicionar_paciente", "sucesso": true}}
2026-01-31 15:48:06,524 | triagem_metricas | INFO | {"nome": "tamanho_fila", "valor": 3, "timestamp": "2026-01-31 15:48:06.524632", "categoria": "capacidade", "detalhes": {"operacao": "adicionar_paciente"}}
2026-01-31 15:48:06,525 | triagem_metricas | INFO | {"nome": "tempo_adicionar_paciente", "valor": 0.0004801750183105469, "timestamp": "2026-01-31 15:48:06.525105", "categoria": "triagem", "detalhes": {"funcao": "adicionar_paciente", "sucesso": true}}
2026-01-31 15:48:06,526 | triagem_metricas | INFO | {"nome": "tempo_ordenar_por_prioridade", "valor": 5.507469177246094e-05, "timestamp": "2026-01-31 15:48:06.525847", "categoria": "ordenacao", "detalhes": {"funcao": "ordenar_por_prioridade", "sucesso": true}}
2026-01-31 15:48:06,526 | triagem_metricas | INFO | {"nome": "tempo_ordenacao", "valor": 0.000415802001953125, "timestamp": "2026-01-31 15:48:06.526205", "categoria": "performance", "detalhes": {"tamanho_fila": 3}}
2026-01-31 15:48:06,526 | triagem_metricas | INFO | {"nome": "tempo_obter_fila_ordenada", "valor": 0.0006034374237060547, "timestamp": "2026-01-31 15:48:06.526387", "categoria": "triagem", "detalhes": {"funcao": "obter_fila_ordenada", "sucesso": true}}
2026-01-31 15:48:06,526 | triagem_metricas | INFO | {"nome": "tempo_ordenar_por_prioridade", "valor": 5.9604644775390625e-06, "timestamp": "2026-01-31 15:48:06.526740", "categoria": "ordenacao", "detalhes": {"funcao": "ordenar_por_prioridade", "sucesso": true}}
2026-01-31 15:48:06,527 | triagem_metricas | INFO | {"nome": "tempo_ordenacao", "valor": 0.0002617835998535156, "timestamp": "2026-01-31 15:48:06.526996", "categoria": "performance", "detalhes": {"tamanho_fila": 3}}
2026-01-31 15:48:06,527 | triagem_metricas | INFO | {"nome": "tempo_obter_fila_ordenada", "valor": 0.0004398822784423828, "timestamp": "2026-01-31 15:48:06.527172", "categoria": "triagem", "detalhes": {"funcao": "obter_fila_ordenada", "sucesso": true}}
2026-01-31 15:48:06,527 | triagem_metricas | INFO | {"nome": "tempo_espera", "valor": 0.305536, "timestamp": "2026-01-31 15:48:06.527449", "categoria": "atendimento", "detalhes": {"paciente": "Jo\u00e3o Santos", "urgencia": 5}}
2026-01-31 15:48:06,527 | triagem_metricas | INFO | {"nome": "tempo_atender_proximo", "valor": 0.0009453296661376953, "timestamp": "2026-01-31 15:48:06.527675", "categoria": "triagem", "detalhes": {"funcao": "atender_proximo", "sucesso": true}}
2026-01-31 15:48:06,528 | triagem_metricas | INFO | {"nome": "tempo_ordenar_por_prioridade", "valor": 5.245208740234375e-06, "timestamp": "2026-01-31 15:48:06.527908", "categoria": "ordenacao", "detalhes": {"funcao": "ordenar_por_prioridade", "sucesso": true}}
2026-01-31 15:48:06,528 | triagem_metricas | INFO | {"nome": "tempo_ordenacao", "valor": 0.0002193450927734375, "timestamp": "2026-01-31 15:48:06.528122", "categoria": "performance", "detalhes": {"tamanho_fila": 2}}
2026-01-31 15:48:06,528 | triagem_metricas | INFO | {"nome": "tempo_obter_fila_ordenada", "valor": 0.0003662109375, "timestamp": "2026-01-31 15:48:06.528267", "categoria": "triagem", "detalhes": {"funcao": "obter_fila_ordenada", "sucesso": true}}
2026-01-31 15:49:11,731 | triagem_metricas | INFO | {"nome": "tamanho_fila", "valor": 1, "timestamp": "2026-01-31 15:49:11.731317", "categoria": "capacidade", "detalhes": {"operacao": "adicionar_paciente"}}
2026-01-31 15:49:11,731 | triagem_metricas | INFO | {"nome": "tempo_adicionar_paciente", "valor": 0.00010776519775390625, "timestamp": "2026-01-31 15:49:11.731423", "categoria": "triagem", "detalhes": {"funcao": "adicionar_paciente", "sucesso": true}}
2026-01-31 15:49:11,831 | triagem_metricas | INFO | {"nome": "tamanho_fila", "valor": 2, "timestamp": "2026-01-31 15:49:11.831786", "categoria": "capacidade", "detalhes": {"operacao": "adicionar_paciente"}}
2026-01-31 15:49:11,832 | triagem_metricas | INFO | {"nome": "tempo_adicionar_paciente", "valor": 0.0004444122314453125, "timestamp": "2026-01-31 15:49:11.832220", "categoria": "triagem", "detalhes": {"funcao": "adicionar_paciente", "sucesso": true}}
2026-01-31 15:49:12,033 | triagem_metricas | INFO | {"nome": "tamanho_fila", "valor": 3, "timestamp": "2026-01-31 15:49:12.033247", "categoria": "capacidade", "detalhes": {"operacao": "adicionar_paciente"}}
2026-01-31 15:49:12,033 | triagem_metricas | INFO | {"nome": "tempo_adicionar_paciente", "valor": 0.0003306865692138672, "timestamp": "2026-01-31 15:49:12.033572", "categoria": "triagem", "detalhes": {"funcao": "adicionar_paciente", "sucesso": true}}
2026-01-31 15:49:12,034 | triagem_metricas | INFO | {"nome": "tempo_ordenar_por_prioridade", "valor": 2.0742416381835938e-05, "timestamp": "2026-01-31 15:49:12.034009", "categoria": "ordenacao", "detalhes": {"funcao": "ordenar_por_prioridade", "sucesso": true}}
2026-01-31 15:49:12,034 | triagem_metricas | INFO | {"nome": "tempo_ordenacao", "valor": 0.00029850006103515625, "timestamp": "2026-01-31 15:49:12.034286", "categoria": "performance", "detalhes": {"tamanho_fila": 3}}
2026-01-31 15:49:12,034 | triagem_metricas | INFO | {"nome": "tempo_obter_fila_ordenada", "valor": 0.00045800209045410156, "timestamp": "2026-01-31 15:49:12.034443", "categoria": "triagem", "detalhes": {"funcao": "obter_fila_ordenada", "sucesso": true}}
2026-01-31 15:49:12,034 | triagem_metricas | INFO | {"nome": "tempo_ordenar_por_prioridade", "valor": 6.9141387939453125e-06, "timestamp": "2026-01-31 15:49:12.034728", "categoria": "ordenacao", "detalhes": {"funcao": "ordenar_por_prioridade", "sucesso": true}}
2026-01-31 15:49:12,035 | triagem_metricas | INFO | {"nome": "tempo_ordenacao", "valor": 0.00026726722717285156, "timestamp": "2026-01-31 15:49:12.034989", "categoria": "performance", "detalhes": {"tamanho_fila": 3}}
2026-01-31 15:49:12,035 | triagem_metricas | INFO | {"nome": "tempo_obter_fila_ordenada", "valor": 0.00043582916259765625, "timestamp": "2026-01-31 15:49:12.035154", "categoria": "triagem", "detalhes": {"funcao": "obter_fila_ordenada", "sucesso": true}}
2026-01-31 15:49:12,035 | triagem_metricas | INFO | {"nome": "tempo_espera", "valor": 0.304127, "timestamp": "2026-01-31 15:49:12.035434", "categoria": "atendimento", "detalhes": {"paciente": "Jo\u00e3o Santos", "urgencia": 5}}
2026-01-31 15:49:12,035 | triagem_metricas | INFO | {"nome": "tempo_atender_proximo", "valor": 0.0009601116180419922, "timestamp": "2026-01-31 15:49:12.035676", "categoria": "triagem", "detalhes": {"funcao": "atender_proximo", "sucesso": true}}
2026-01-31 15:49:12,036 | triagem_metricas | INFO | {"nome": "tempo_ordenar_por_prioridade", "valor": 6.198883056640625e-06, "timestamp": "2026-01-31 15:49:12.035931", "categoria": "ordenacao", "detalhes": {"funcao": "ordenar_por_prioridade", "sucesso": true}}
2026-01-31 15:49:12,036 | triagem_metricas | INFO | {"nome": "tempo_ordenacao", "valor": 0.000286102294921875, "timestamp": "2026-01-31 15:49:12.036212", "categoria": "performance", "detalhes": {"tamanho_fila": 2}}
2026-01-31 15:49:12,036 | triagem_metricas | INFO | {"nome": "tempo_obter_fila_ordenada", "valor": 0.0004961490631103516, "timestamp": "2026-01-31 15:49:12.036420", "categoria": "triagem", "detalhes": {"funcao": "obter_fila_ordenada", "sucesso": true}}
2026-01-31 15:50:26,449 | triagem_metricas | INFO | {"nome": "tamanho_fila", "valor": 1, "timestamp": "2026-01-31 15:50:26.449477", "categoria": "capacidade", "detalhes": {"operacao": "adicionar_paciente"}}
2026-01-31 15:50:26,449 | triagem_metricas | INFO | {"nome": "tempo_adicionar_paciente", "valor": 9.34600830078125e-05, "timestamp": "2026-01-31 15:50:26.449568", "categoria": "triagem", "detalhes": {"funcao": "adicionar_paciente", "sucesso": true}}
2026-01-31 15:50:26,549 | triagem_metricas | INFO | {"nome": "tamanho_fila", "valor": 2, "timestamp": "2026-01-31 15:50:26.549830", "categoria": "capacidade", "detalhes": {"operacao": "adicionar_paciente"}}
2026-01-31 15:50:26,550 | triagem_metricas | INFO | {"nome": "tempo_adicionar_paciente", "valor": 0.00042057037353515625, "timestamp": "2026-01-31 15:50:26.550237", "categoria": "triagem", "detalhes": {"funcao": "adicionar_paciente", "sucesso": true}}
2026-01-31 15:50:26,751 | triagem_metricas | INFO | {"nome": "tamanho_fila", "valor": 3, "timestamp": "2026-01-31 15:50:26.751112", "categoria": "capacidade", "detalhes": {"operacao": "adicionar_paciente"}}
2026-01-31 15:50:26,751 | triagem_metricas | INFO | {"nome": "tempo_adicionar_paciente", "valor": 0.0003387928009033203, "timestamp": "2026-01-31 15:50:26.751442", "categoria": "triagem", "detalhes": {"funcao": "adicionar_paciente", "sucesso": true}}
2026-01-31 15:50:26,752 | triagem_metricas | INFO | {"nome": "tempo_ordenar_por_prioridade", "valor": 2.9325485229492188e-05, "timestamp": "2026-01-31 15:50:26.751908", "categoria": "ordenacao", "detalhes": {"funcao": "ordenar_por_prioridade", "sucesso": true}}
2026-01-31 15:50:26,752 | triagem_metricas | INFO | {"nome": "tempo_ordenacao", "valor": 0.0002951622009277344, "timestamp": "2026-01-31 15:50:26.752173", "categoria": "performance", "detalhes": {"tamanho_fila": 3}}
2026-01-31 15:50:26,752 | triagem_metricas | INFO | {"nome": "tempo_obter_fila_ordenada", "valor": 0.000446319580078125, "timestamp": "2026-01-31 15:50:26.752320", "categoria": "triagem", "detalhes": {"funcao": "obter_fila_ordenada", "sucesso": true}}
2026-01-31 15:50:26,752 | triagem_metricas | INFO | {"nome": "tempo_ordenar_por_prioridade", "valor": 5.245208740234375e-06, "timestamp": "2026-01-31 15:50:26.752576", "categoria": "ordenacao", "detalhes": {"funcao": "ordenar_por_prioridade", "sucesso": true}}
2026-01-31 15:50:26,752 | triagem_metricas | INFO | {"nome": "tempo_ordenacao", "valor": 0.00022125244140625, "timestamp": "2026-01-31 15:50:26.752792", "categoria": "performance", "detalhes": {"tamanho_fila": 3}}
2026-01-31 15:50:26,752 | triagem_metricas | INFO | {"nome": "tempo_obter_fila_ordenada", "valor": 0.000335693359375, "timestamp": "2026-01-31 15:50:26.752905", "categoria": "triagem", "detalhes": {"funcao": "obter_fila_ordenada", "sucesso": true}}
2026-01-31 15:50:26,753 | triagem_metricas | INFO | {"nome": "tempo_espera", "valor": 0.303632, "timestamp": "2026-01-31 15:50:26.753102", "categoria": "atendimento", "detalhes": {"paciente": "Jo\u00e3o Santos", "urgencia": 5}}
2026-01-31 15:50:26,753 | triagem_metricas | INFO | {"nome": "tempo_atender_proximo", "valor": 0.0007779598236083984, "timestamp": "2026-01-31 15:50:26.753345", "categoria": "triagem", "detalhes": {"funcao": "atender_proximo", "sucesso": true}}
2026-01-31 15:50:26,753 | triagem_metricas | INFO | {"nome": "tempo_ordenar_por_prioridade", "valor": 4.5299530029296875e-06, "timestamp": "2026-01-31 15:50:26.753536", "categoria": "ordenacao", "detalhes": {"funcao": "ordenar_por_prioridade", "sucesso": true}}
2026-01-31 15:50:26,753 | triagem_metricas | INFO | {"nome": "tempo_ordenacao", "valor": 0.0001876354217529297, "timestamp": "2026-01-31 15:50:26.753719", "categoria": "performance", "detalhes": {"tamanho_fila": 2}}
2026-01-31 15:50:26,753 | triagem_metricas | INFO | {"nome": "tempo_obter_fila_ordenada", "valor": 0.00030303001403808594, "timestamp": "2026-01-31 15:50:26.753833", "categoria": "triagem", "detalhes": {"funcao": "obter_fila_ordenada", "sucesso": true}}
